BASE:true, STATES:false, UNDO:false, COLOR:false, SOLVER:false, GENERATOR:false, EXTENDEDSUDOKU:false, 
BASE:true, STATES:true, UNDO:true, COLOR:true, SOLVER:true, GENERATOR:true, EXTENDEDSUDOKU:false, 
BASE:true, STATES:true, UNDO:false, COLOR:true, SOLVER:false, GENERATOR:false, EXTENDEDSUDOKU:true, 
BASE:true, STATES:true, UNDO:true, COLOR:false, SOLVER:true, GENERATOR:true, EXTENDEDSUDOKU:true, 
BASE:true, STATES:false, UNDO:false, COLOR:true, SOLVER:false, GENERATOR:false, EXTENDEDSUDOKU:true, 
BASE:true, STATES:true, UNDO:true, COLOR:false, SOLVER:true, GENERATOR:false, EXTENDEDSUDOKU:false, 
BASE:true, STATES:true, UNDO:true, COLOR:false, SOLVER:false, GENERATOR:false, EXTENDEDSUDOKU:false, 
UNDO:false STATES:false SOLVER:false GENERATOR:false EXTENDEDSUDOKU:false COLOR:false BASE:true
Configuration:

cont: 1((( apos os testes))) 
UNDO:false STATES:false SOLVER:false GENERATOR:false EXTENDEDSUDOKU:false COLOR:false BASE:trueConfiguration:



 ----------------------- 


UNDO:true STATES:true SOLVER:true GENERATOR:true EXTENDEDSUDOKU:false COLOR:true BASE:true

UNDO:true STATES:true SOLVER:true GENERATOR:true EXTENDEDSUDOKU:false COLOR:true BASE:true


 ----------------------- 


cont: 2((( apos os testes))) 
Configuration:
UNDO:false STATES:true SOLVER:false GENERATOR:false EXTENDEDSUDOKU:true COLOR:true BASE:true

cont: 3((( apos os testes))) 
UNDO:false STATES:true SOLVER:false GENERATOR:false EXTENDEDSUDOKU:true COLOR:true BASE:true


 ----------------------- 


Configuration:
UNDO:true STATES:true SOLVER:true GENERATOR:true EXTENDEDSUDOKU:true COLOR:false BASE:true


 UNDO:true STATES:true SOLVER:true GENERATOR:true EXTENDEDSUDOKU:true COLOR:false BASE:true
1 null
2 java.lang.AssertionError
	at org.junit.Assert.fail(Assert.java:86)
	at org.junit.Assert.assertTrue(Assert.java:41)
	at org.junit.Assert.assertTrue(Assert.java:52)
	at tests.BoardManagerTest.tryLoadFileTest(BoardManagerTest.java:148)
	at sun.reflect.NativeMethodAccessorImpl.invoke0(Native Method)
	at sun.reflect.NativeMethodAccessorImpl.invoke(Unknown Source)
	at sun.reflect.DelegatingMethodAccessorImpl.invoke(Unknown Source)
	at java.lang.reflect.Method.invoke(Unknown Source)
	at org.junit.runners.model.FrameworkMethod$1.runReflectiveCall(FrameworkMethod.java:47)
	at org.junit.internal.runners.model.ReflectiveCallable.run(ReflectiveCallable.java:12)
	at org.junit.runners.model.FrameworkMethod.invokeExplosively(FrameworkMethod.java:44)
	at org.junit.internal.runners.statements.InvokeMethod.evaluate(InvokeMethod.java:17)
	at org.junit.internal.runners.statements.RunBefores.evaluate(RunBefores.java:26)
	at org.junit.runners.ParentRunner.runLeaf(ParentRunner.java:271)
	at org.junit.runners.BlockJUnit4ClassRunner.runChild(BlockJUnit4ClassRunner.java:70)
	at org.junit.runners.BlockJUnit4ClassRunner.runChild(BlockJUnit4ClassRunner.java:50)
	at org.junit.runners.ParentRunner$3.run(ParentRunner.java:238)
	at org.junit.runners.ParentRunner$1.schedule(ParentRunner.java:63)
	at org.junit.runners.ParentRunner.runChildren(ParentRunner.java:236)
	at org.junit.runners.ParentRunner.access$000(ParentRunner.java:53)
	at org.junit.runners.ParentRunner$2.evaluate(ParentRunner.java:229)
	at org.junit.runners.ParentRunner.run(ParentRunner.java:309)
	at org.junit.runners.Suite.runChild(Suite.java:127)
	at org.junit.runners.Suite.runChild(Suite.java:26)
	at org.junit.runners.ParentRunner$3.run(ParentRunner.java:238)
	at org.junit.runners.ParentRunner$1.schedule(ParentRunner.java:63)
	at org.junit.runners.ParentRunner.runChildren(ParentRunner.java:236)
	at org.junit.runners.ParentRunner.access$000(ParentRunner.java:53)
	at org.junit.runners.ParentRunner$2.evaluate(ParentRunner.java:229)
	at org.junit.runners.ParentRunner.run(ParentRunner.java:309)
	at org.junit.runner.JUnitCore.run(JUnitCore.java:160)
	at org.junit.runner.JUnitCore.run(JUnitCore.java:138)
	at org.junit.runner.JUnitCore.run(JUnitCore.java:117)
	at experiment.Challenge.executeJunitTestCase(Challenge.java:57)
	at experiment.Challenge.run(Challenge.java:79)
	at experiment.Challenge.main(Challenge.java:106)

3 java.lang.AssertionError
4 null
5 tryLoadFileTest(tests.BoardManagerTest)
6 class java.lang.AssertionError
7 tryLoadFileTest(tests.BoardManagerTest)
cont: 4((( apos os testes))) 
UNDO:true STATES:true SOLVER:true GENERATOR:true EXTENDEDSUDOKU:true COLOR:false BASE:true


 ----------------------- 


Configuration:
UNDO:false STATES:false SOLVER:false GENERATOR:false EXTENDEDSUDOKU:true COLOR:true BASE:true

cont: 5((( apos os testes))) 
Configuration:UNDO:false STATES:false SOLVER:false GENERATOR:false EXTENDEDSUDOKU:true COLOR:true BASE:true


 ----------------------- 



UNDO:true STATES:true SOLVER:true GENERATOR:false EXTENDEDSUDOKU:false COLOR:false BASE:true

cont: 6((( apos os testes))) 
UNDO:true STATES:true SOLVER:true GENERATOR:false EXTENDEDSUDOKU:false COLOR:false BASE:true


 ----------------------- 


Configuration:
UNDO:true STATES:true SOLVER:false GENERATOR:false EXTENDEDSUDOKU:false COLOR:false BASE:true

cont: 7((( apos os testes))) 
UNDO:true STATES:true SOLVER:false GENERATOR:false EXTENDEDSUDOKU:false COLOR:false BASE:true


 ----------------------- 


Contador de produtos:7
BASE:true, STATES:false, UNDO:false, COLOR:false, SOLVER:false, GENERATOR:false, EXTENDEDSUDOKU:false, BASE:true, STATES:false, UNDO:false, COLOR:false, SOLVER:false, GENERATOR:false, EXTENDEDSUDOKU:false, 
BASE:true, STATES:true, UNDO:true, COLOR:true, SOLVER:true, GENERATOR:true, EXTENDEDSUDOKU:false, BASE:true, STATES:true, UNDO:true, COLOR:true, SOLVER:true, GENERATOR:true, EXTENDEDSUDOKU:false, 
BASE:true, STATES:true, UNDO:false, COLOR:true, SOLVER:false, GENERATOR:false, EXTENDEDSUDOKU:true, BASE:true, STATES:true, UNDO:false, COLOR:true, SOLVER:false, GENERATOR:false, EXTENDEDSUDOKU:true, 
BASE:true, STATES:true, UNDO:true, COLOR:false, SOLVER:true, GENERATOR:true, EXTENDEDSUDOKU:true, BASE:true, STATES:true, UNDO:true, COLOR:false, SOLVER:true, GENERATOR:true, EXTENDEDSUDOKU:true, 
BASE:true, STATES:false, UNDO:false, COLOR:true, SOLVER:false, GENERATOR:false, EXTENDEDSUDOKU:true, BASE:true, STATES:false, UNDO:false, COLOR:true, SOLVER:false, GENERATOR:false, EXTENDEDSUDOKU:true, 
BASE:true, STATES:true, UNDO:true, COLOR:false, SOLVER:true, GENERATOR:false, EXTENDEDSUDOKU:false, BASE:true, STATES:true, UNDO:true, COLOR:false, SOLVER:true, GENERATOR:false, EXTENDEDSUDOKU:false, 
BASE:true, STATES:true, UNDO:true, COLOR:false, SOLVER:false, GENERATOR:false, EXTENDEDSUDOKU:false, BASE:true, STATES:true, UNDO:true, COLOR:false, SOLVER:false, GENERATOR:false, EXTENDEDSUDOKU:false, 
Configuration:
UNDO:false STATES:false SOLVER:false GENERATOR:false EXTENDEDSUDOKU:false COLOR:false BASE:true

cont: 1((( apos os testes))) 
UNDO:false STATES:false SOLVER:false GENERATOR:false EXTENDEDSUDOKU:false COLOR:false BASE:true


 ----------------------- 


Configuration:
UNDO:true STATES:true SOLVER:true GENERATOR:true EXTENDEDSUDOKU:false COLOR:true BASE:true

cont: 2((( apos os testes))) 
UNDO:true STATES:true SOLVER:true GENERATOR:true EXTENDEDSUDOKU:false COLOR:true BASE:true


 ----------------------- 


Configuration:
UNDO:false STATES:true SOLVER:false GENERATOR:false EXTENDEDSUDOKU:true COLOR:true BASE:true

cont: 3((( apos os testes))) 
UNDO:false STATES:true SOLVER:false GENERATOR:false EXTENDEDSUDOKU:true COLOR:true BASE:true


 ----------------------- 


UNDO:true STATES:true SOLVER:true GENERATOR:true EXTENDEDSUDOKU:true COLOR:false BASE:true

Configuration:

 UNDO:true STATES:true SOLVER:true GENERATOR:true EXTENDEDSUDOKU:true COLOR:false BASE:true
1 null
2 java.lang.AssertionError
	at org.junit.Assert.fail(Assert.java:86)
	at org.junit.Assert.assertTrue(Assert.java:41)
	at org.junit.Assert.assertTrue(Assert.java:52)
	at tests.BoardManagerTest.tryLoadFileTest(BoardManagerTest.java:148)
	at sun.reflect.NativeMethodAccessorImpl.invoke0(Native Method)
	at sun.reflect.NativeMethodAccessorImpl.invoke(Unknown Source)
	at sun.reflect.DelegatingMethodAccessorImpl.invoke(Unknown Source)
	at java.lang.reflect.Method.invoke(Unknown Source)
	at org.junit.runners.model.FrameworkMethod$1.runReflectiveCall(FrameworkMethod.java:47)
	at org.junit.internal.runners.model.ReflectiveCallable.run(ReflectiveCallable.java:12)
	at org.junit.runners.model.FrameworkMethod.invokeExplosively(FrameworkMethod.java:44)
	at org.junit.internal.runners.statements.InvokeMethod.evaluate(InvokeMethod.java:17)
	at org.junit.internal.runners.statements.RunBefores.evaluate(RunBefores.java:26)
	at org.junit.runners.ParentRunner.runLeaf(ParentRunner.java:271)
	at org.junit.runners.BlockJUnit4ClassRunner.runChild(BlockJUnit4ClassRunner.java:70)
	at org.junit.runners.BlockJUnit4ClassRunner.runChild(BlockJUnit4ClassRunner.java:50)
	at org.junit.runners.ParentRunner$3.run(ParentRunner.java:238)
	at org.junit.runners.ParentRunner$1.schedule(ParentRunner.java:63)
	at org.junit.runners.ParentRunner.runChildren(ParentRunner.java:236)
	at org.junit.runners.ParentRunner.access$000(ParentRunner.java:53)
	at org.junit.runners.ParentRunner$2.evaluate(ParentRunner.java:229)
	at org.junit.runners.ParentRunner.run(ParentRunner.java:309)
	at org.junit.runners.Suite.runChild(Suite.java:127)
	at org.junit.runners.Suite.runChild(Suite.java:26)
	at org.junit.runners.ParentRunner$3.run(ParentRunner.java:238)
	at org.junit.runners.ParentRunner$1.schedule(ParentRunner.java:63)
	at org.junit.runners.ParentRunner.runChildren(ParentRunner.java:236)
	at org.junit.runners.ParentRunner.access$000(ParentRunner.java:53)
	at org.junit.runners.ParentRunner$2.evaluate(ParentRunner.java:229)
	at org.junit.runners.ParentRunner.run(ParentRunner.java:309)
	at org.junit.runner.JUnitCore.run(JUnitCore.java:160)
	at org.junit.runner.JUnitCore.run(JUnitCore.java:138)
	at org.junit.runner.JUnitCore.run(JUnitCore.java:117)
	at experiment.Challenge.executeJunitTestCase(Challenge.java:57)
	at experiment.Challenge.run(Challenge.java:79)
	at experiment.Challenge.main(Challenge.java:106)

3 java.lang.AssertionError
4 null
5 tryLoadFileTest(tests.BoardManagerTest)
6 class java.lang.AssertionError
7 tryLoadFileTest(tests.BoardManagerTest)
cont: 4((( apos os testes))) UNDO:true STATES:true SOLVER:true GENERATOR:true EXTENDEDSUDOKU:true COLOR:false BASE:true
Configuration:



 ----------------------- 


UNDO:false STATES:false SOLVER:false GENERATOR:false EXTENDEDSUDOKU:true COLOR:true BASE:true

cont: 5((( apos os testes))) 
UNDO:false STATES:false SOLVER:false GENERATOR:false EXTENDEDSUDOKU:true COLOR:true BASE:true


 ----------------------- 


Configuration:
UNDO:true STATES:true SOLVER:true GENERATOR:false EXTENDEDSUDOKU:false COLOR:false BASE:true

UNDO:true STATES:true SOLVER:true GENERATOR:false EXTENDEDSUDOKU:false COLOR:false BASE:true


 ----------------------- 


UNDO:true STATES:true SOLVER:false GENERATOR:false EXTENDEDSUDOKU:false COLOR:false BASE:true

cont: 6((( apos os testes))) 
Configuration:
cont: 7((( apos os testes))) 
UNDO:true STATES:true SOLVER:false GENERATOR:false EXTENDEDSUDOKU:false COLOR:false BASE:true


 ----------------------- 


Configuration:
UNDO:false STATES:false SOLVER:false GENERATOR:false EXTENDEDSUDOKU:false COLOR:false BASE:true

UNDO:false STATES:false SOLVER:false GENERATOR:false EXTENDEDSUDOKU:false COLOR:false BASE:true


 ----------------------- 


cont: 8((( apos os testes))) 
Configuration:
UNDO:true STATES:true SOLVER:true GENERATOR:true EXTENDEDSUDOKU:false COLOR:true BASE:true

UNDO:true STATES:true SOLVER:true GENERATOR:true EXTENDEDSUDOKU:false COLOR:true BASE:true


 ----------------------- 


cont: 9((( apos os testes))) 
Configuration:
UNDO:false STATES:true SOLVER:false GENERATOR:false EXTENDEDSUDOKU:true COLOR:true BASE:true

UNDO:false STATES:true SOLVER:false GENERATOR:false EXTENDEDSUDOKU:true COLOR:true BASE:true


 ----------------------- 


cont: 10((( apos os testes))) 
Configuration:
UNDO:true STATES:true SOLVER:true GENERATOR:true EXTENDEDSUDOKU:true COLOR:false BASE:true


 UNDO:true STATES:true SOLVER:true GENERATOR:true EXTENDEDSUDOKU:true COLOR:false BASE:true
1 null
2 java.lang.AssertionError
	at org.junit.Assert.fail(Assert.java:86)
	at org.junit.Assert.assertTrue(Assert.java:41)
	at org.junit.Assert.assertTrue(Assert.java:52)
	at tests.BoardManagerTest.tryLoadFileTest(BoardManagerTest.java:148)
	at sun.reflect.GeneratedMethodAccessor23.invoke(Unknown Source)
	at sun.reflect.DelegatingMethodAccessorImpl.invoke(Unknown Source)
	at java.lang.reflect.Method.invoke(Unknown Source)
	at org.junit.runners.model.FrameworkMethod$1.runReflectiveCall(FrameworkMethod.java:47)
	at org.junit.internal.runners.model.ReflectiveCallable.run(ReflectiveCallable.java:12)
	at org.junit.runners.model.FrameworkMethod.invokeExplosively(FrameworkMethod.java:44)
	at org.junit.internal.runners.statements.InvokeMethod.evaluate(InvokeMethod.java:17)
	at org.junit.internal.runners.statements.RunBefores.evaluate(RunBefores.java:26)
	at org.junit.runners.ParentRunner.runLeaf(ParentRunner.java:271)
	at org.junit.runners.BlockJUnit4ClassRunner.runChild(BlockJUnit4ClassRunner.java:70)
	at org.junit.runners.BlockJUnit4ClassRunner.runChild(BlockJUnit4ClassRunner.java:50)
	at org.junit.runners.ParentRunner$3.run(ParentRunner.java:238)
	at org.junit.runners.ParentRunner$1.schedule(ParentRunner.java:63)
	at org.junit.runners.ParentRunner.runChildren(ParentRunner.java:236)
	at org.junit.runners.ParentRunner.access$000(ParentRunner.java:53)
	at org.junit.runners.ParentRunner$2.evaluate(ParentRunner.java:229)
	at org.junit.runners.ParentRunner.run(ParentRunner.java:309)
	at org.junit.runners.Suite.runChild(Suite.java:127)
	at org.junit.runners.Suite.runChild(Suite.java:26)
	at org.junit.runners.ParentRunner$3.run(ParentRunner.java:238)
	at org.junit.runners.ParentRunner$1.schedule(ParentRunner.java:63)
	at org.junit.runners.ParentRunner.runChildren(ParentRunner.java:236)
	at org.junit.runners.ParentRunner.access$000(ParentRunner.java:53)
	at org.junit.runners.ParentRunner$2.evaluate(ParentRunner.java:229)
	at org.junit.runners.ParentRunner.run(ParentRunner.java:309)
	at org.junit.runner.JUnitCore.run(JUnitCore.java:160)
	at org.junit.runner.JUnitCore.run(JUnitCore.java:138)
	at org.junit.runner.JUnitCore.run(JUnitCore.java:117)
	at experiment.Challenge.executeJunitTestCase(Challenge.java:57)
	at experiment.Challenge.run(Challenge.java:79)
	at experiment.Challenge.main(Challenge.java:106)

3 java.lang.AssertionError
4 null
5 tryLoadFileTest(tests.BoardManagerTest)
6 class java.lang.AssertionError
7 tryLoadFileTest(tests.BoardManagerTest)
UNDO:true STATES:true SOLVER:true GENERATOR:true EXTENDEDSUDOKU:true COLOR:false BASE:true


 ----------------------- 


cont: 11((( apos os testes))) 
UNDO:false STATES:false SOLVER:false GENERATOR:false EXTENDEDSUDOKU:true COLOR:true BASE:true

Configuration:
cont: 12((( apos os testes))) 
UNDO:false STATES:false SOLVER:false GENERATOR:false EXTENDEDSUDOKU:true COLOR:true BASE:true


 ----------------------- 


UNDO:true STATES:true SOLVER:true GENERATOR:false EXTENDEDSUDOKU:false COLOR:false BASE:true

Configuration:
UNDO:true STATES:true SOLVER:true GENERATOR:false EXTENDEDSUDOKU:false COLOR:false BASE:true


 ----------------------- 


UNDO:true STATES:true SOLVER:false GENERATOR:false EXTENDEDSUDOKU:false COLOR:false BASE:true

cont: 13((( apos os testes))) 
Configuration:
UNDO:true STATES:true SOLVER:false GENERATOR:false EXTENDEDSUDOKU:false COLOR:false BASE:true


 ----------------------- 


cont: 14((( apos os testes))) 
Contador de produtos:14
BASE:true, STATES:false, UNDO:false, COLOR:false, SOLVER:false, GENERATOR:false, EXTENDEDSUDOKU:false, BASE:true, STATES:false, UNDO:false, COLOR:false, SOLVER:false, GENERATOR:false, EXTENDEDSUDOKU:false, BASE:true, STATES:false, UNDO:false, COLOR:false, SOLVER:false, GENERATOR:false, EXTENDEDSUDOKU:false, 
BASE:true, STATES:true, UNDO:true, COLOR:true, SOLVER:true, GENERATOR:true, EXTENDEDSUDOKU:false, BASE:true, STATES:true, UNDO:true, COLOR:true, SOLVER:true, GENERATOR:true, EXTENDEDSUDOKU:false, BASE:true, STATES:true, UNDO:true, COLOR:true, SOLVER:true, GENERATOR:true, EXTENDEDSUDOKU:false, 
BASE:true, STATES:true, UNDO:false, COLOR:true, SOLVER:false, GENERATOR:false, EXTENDEDSUDOKU:true, BASE:true, STATES:true, UNDO:false, COLOR:true, SOLVER:false, GENERATOR:false, EXTENDEDSUDOKU:true, BASE:true, STATES:true, UNDO:false, COLOR:true, SOLVER:false, GENERATOR:false, EXTENDEDSUDOKU:true, 
BASE:true, STATES:true, UNDO:true, COLOR:false, SOLVER:true, GENERATOR:true, EXTENDEDSUDOKU:true, BASE:true, STATES:true, UNDO:true, COLOR:false, SOLVER:true, GENERATOR:true, EXTENDEDSUDOKU:true, BASE:true, STATES:true, UNDO:true, COLOR:false, SOLVER:true, GENERATOR:true, EXTENDEDSUDOKU:true, 
BASE:true, STATES:false, UNDO:false, COLOR:true, SOLVER:false, GENERATOR:false, EXTENDEDSUDOKU:true, BASE:true, STATES:false, UNDO:false, COLOR:true, SOLVER:false, GENERATOR:false, EXTENDEDSUDOKU:true, BASE:true, STATES:false, UNDO:false, COLOR:true, SOLVER:false, GENERATOR:false, EXTENDEDSUDOKU:true, 
BASE:true, STATES:true, UNDO:true, COLOR:false, SOLVER:true, GENERATOR:false, EXTENDEDSUDOKU:false, BASE:true, STATES:true, UNDO:true, COLOR:false, SOLVER:true, GENERATOR:false, EXTENDEDSUDOKU:false, BASE:true, STATES:true, UNDO:true, COLOR:false, SOLVER:true, GENERATOR:false, EXTENDEDSUDOKU:false, 
BASE:true, STATES:true, UNDO:true, COLOR:false, SOLVER:false, GENERATOR:false, EXTENDEDSUDOKU:false, BASE:true, STATES:true, UNDO:true, COLOR:false, SOLVER:false, GENERATOR:false, EXTENDEDSUDOKU:false, BASE:true, STATES:true, UNDO:true, COLOR:false, SOLVER:false, GENERATOR:false, EXTENDEDSUDOKU:false, 
Configuration:
UNDO:false STATES:false SOLVER:false GENERATOR:false EXTENDEDSUDOKU:false COLOR:false BASE:true

cont: 1((( apos os testes))) 
Configuration:
UNDO:false STATES:false SOLVER:false GENERATOR:false EXTENDEDSUDOKU:false COLOR:false BASE:true


 ----------------------- 


UNDO:true STATES:true SOLVER:true GENERATOR:true EXTENDEDSUDOKU:false COLOR:true BASE:true

UNDO:true STATES:true SOLVER:true GENERATOR:true EXTENDEDSUDOKU:false COLOR:true BASE:true


 ----------------------- 


UNDO:false STATES:true SOLVER:false GENERATOR:false EXTENDEDSUDOKU:true COLOR:true BASE:true

cont: 2((( apos os testes))) 
Configuration:
cont: 3((( apos os testes))) 
UNDO:false STATES:true SOLVER:false GENERATOR:false EXTENDEDSUDOKU:true COLOR:true BASE:true


 ----------------------- 


UNDO:true STATES:true SOLVER:true GENERATOR:true EXTENDEDSUDOKU:true COLOR:false BASE:true

Configuration:

 UNDO:true STATES:true SOLVER:true GENERATOR:true EXTENDEDSUDOKU:true COLOR:false BASE:true
1 null
2 java.lang.AssertionError
	at org.junit.Assert.fail(Assert.java:86)
	at org.junit.Assert.assertTrue(Assert.java:41)
	at org.junit.Assert.assertTrue(Assert.java:52)
	at tests.BoardManagerTest.tryLoadFileTest(BoardManagerTest.java:148)
	at sun.reflect.GeneratedMethodAccessor23.invoke(Unknown Source)
	at sun.reflect.DelegatingMethodAccessorImpl.invoke(Unknown Source)
	at java.lang.reflect.Method.invoke(Unknown Source)
	at org.junit.runners.model.FrameworkMethod$1.runReflectiveCall(FrameworkMethod.java:47)
	at org.junit.internal.runners.model.ReflectiveCallable.run(ReflectiveCallable.java:12)
	at org.junit.runners.model.FrameworkMethod.invokeExplosively(FrameworkMethod.java:44)
	at org.junit.internal.runners.statements.InvokeMethod.evaluate(InvokeMethod.java:17)
	at org.junit.internal.runners.statements.RunBefores.evaluate(RunBefores.java:26)
	at org.junit.runners.ParentRunner.runLeaf(ParentRunner.java:271)
	at org.junit.runners.BlockJUnit4ClassRunner.runChild(BlockJUnit4ClassRunner.java:70)
	at org.junit.runners.BlockJUnit4ClassRunner.runChild(BlockJUnit4ClassRunner.java:50)
	at org.junit.runners.ParentRunner$3.run(ParentRunner.java:238)
	at org.junit.runners.ParentRunner$1.schedule(ParentRunner.java:63)
	at org.junit.runners.ParentRunner.runChildren(ParentRunner.java:236)
	at org.junit.runners.ParentRunner.access$000(ParentRunner.java:53)
	at org.junit.runners.ParentRunner$2.evaluate(ParentRunner.java:229)
	at org.junit.runners.ParentRunner.run(ParentRunner.java:309)
	at org.junit.runners.Suite.runChild(Suite.java:127)
	at org.junit.runners.Suite.runChild(Suite.java:26)
	at org.junit.runners.ParentRunner$3.run(ParentRunner.java:238)
	at org.junit.runners.ParentRunner$1.schedule(ParentRunner.java:63)
	at org.junit.runners.ParentRunner.runChildren(ParentRunner.java:236)
	at org.junit.runners.ParentRunner.access$000(ParentRunner.java:53)
	at org.junit.runners.ParentRunner$2.evaluate(ParentRunner.java:229)
	at org.junit.runners.ParentRunner.run(ParentRunner.java:309)
	at org.junit.runner.JUnitCore.run(JUnitCore.java:160)
	at org.junit.runner.JUnitCore.run(JUnitCore.java:138)
	at org.junit.runner.JUnitCore.run(JUnitCore.java:117)
	at experiment.Challenge.executeJunitTestCase(Challenge.java:57)
	at experiment.Challenge.run(Challenge.java:79)
	at experiment.Challenge.main(Challenge.java:106)

3 java.lang.AssertionError
4 null
5 tryLoadFileTest(tests.BoardManagerTest)
6 class java.lang.AssertionError
7 tryLoadFileTest(tests.BoardManagerTest)
UNDO:true STATES:true SOLVER:true GENERATOR:true EXTENDEDSUDOKU:true COLOR:false BASE:true


 ----------------------- 


UNDO:false STATES:false SOLVER:false GENERATOR:false EXTENDEDSUDOKU:true COLOR:true BASE:true

cont: 4((( apos os testes))) 
Configuration:
cont: 5((( apos os testes))) 
UNDO:false STATES:false SOLVER:false GENERATOR:false EXTENDEDSUDOKU:true COLOR:true BASE:true


 ----------------------- 


UNDO:true STATES:true SOLVER:true GENERATOR:false EXTENDEDSUDOKU:false COLOR:false BASE:true

Configuration:
cont: 6((( apos os testes))) 
UNDO:true STATES:true SOLVER:true GENERATOR:false EXTENDEDSUDOKU:false COLOR:false BASE:trueConfiguration:



 ----------------------- 


UNDO:true STATES:true SOLVER:false GENERATOR:false EXTENDEDSUDOKU:false COLOR:false BASE:true

cont: 7((( apos os testes))) 
UNDO:true STATES:true SOLVER:false GENERATOR:false EXTENDEDSUDOKU:false COLOR:false BASE:true


 ----------------------- 


UNDO:false STATES:false SOLVER:false GENERATOR:false EXTENDEDSUDOKU:false COLOR:false BASE:true

Configuration:
cont: 8((( apos os testes))) 
UNDO:false STATES:false SOLVER:false GENERATOR:false EXTENDEDSUDOKU:false COLOR:false BASE:true


 ----------------------- 


UNDO:true STATES:true SOLVER:true GENERATOR:true EXTENDEDSUDOKU:false COLOR:true BASE:true

Configuration:
cont: 9((( apos os testes))) 
UNDO:true STATES:true SOLVER:true GENERATOR:true EXTENDEDSUDOKU:false COLOR:true BASE:true


 ----------------------- 


Configuration:
UNDO:false STATES:true SOLVER:false GENERATOR:false EXTENDEDSUDOKU:true COLOR:true BASE:true

UNDO:false STATES:true SOLVER:false GENERATOR:false EXTENDEDSUDOKU:true COLOR:true BASE:true


 ----------------------- 


cont: 10((( apos os testes))) 
UNDO:true STATES:true SOLVER:true GENERATOR:true EXTENDEDSUDOKU:true COLOR:false BASE:true

Configuration:

 UNDO:true STATES:true SOLVER:true GENERATOR:true EXTENDEDSUDOKU:true COLOR:false BASE:true
1 null
2 java.lang.AssertionError
	at org.junit.Assert.fail(Assert.java:86)
	at org.junit.Assert.assertTrue(Assert.java:41)
	at org.junit.Assert.assertTrue(Assert.java:52)
	at tests.BoardManagerTest.tryLoadFileTest(BoardManagerTest.java:148)
	at sun.reflect.GeneratedMethodAccessor23.invoke(Unknown Source)
	at sun.reflect.DelegatingMethodAccessorImpl.invoke(Unknown Source)
	at java.lang.reflect.Method.invoke(Unknown Source)
	at org.junit.runners.model.FrameworkMethod$1.runReflectiveCall(FrameworkMethod.java:47)
	at org.junit.internal.runners.model.ReflectiveCallable.run(ReflectiveCallable.java:12)
	at org.junit.runners.model.FrameworkMethod.invokeExplosively(FrameworkMethod.java:44)
	at org.junit.internal.runners.statements.InvokeMethod.evaluate(InvokeMethod.java:17)
	at org.junit.internal.runners.statements.RunBefores.evaluate(RunBefores.java:26)
	at org.junit.runners.ParentRunner.runLeaf(ParentRunner.java:271)
	at org.junit.runners.BlockJUnit4ClassRunner.runChild(BlockJUnit4ClassRunner.java:70)
	at org.junit.runners.BlockJUnit4ClassRunner.runChild(BlockJUnit4ClassRunner.java:50)
	at org.junit.runners.ParentRunner$3.run(ParentRunner.java:238)
	at org.junit.runners.ParentRunner$1.schedule(ParentRunner.java:63)
	at org.junit.runners.ParentRunner.runChildren(ParentRunner.java:236)
	at org.junit.runners.ParentRunner.access$000(ParentRunner.java:53)
	at org.junit.runners.ParentRunner$2.evaluate(ParentRunner.java:229)
	at org.junit.runners.ParentRunner.run(ParentRunner.java:309)
	at org.junit.runners.Suite.runChild(Suite.java:127)
	at org.junit.runners.Suite.runChild(Suite.java:26)
	at org.junit.runners.ParentRunner$3.run(ParentRunner.java:238)
	at org.junit.runners.ParentRunner$1.schedule(ParentRunner.java:63)
	at org.junit.runners.ParentRunner.runChildren(ParentRunner.java:236)
	at org.junit.runners.ParentRunner.access$000(ParentRunner.java:53)
	at org.junit.runners.ParentRunner$2.evaluate(ParentRunner.java:229)
	at org.junit.runners.ParentRunner.run(ParentRunner.java:309)
	at org.junit.runner.JUnitCore.run(JUnitCore.java:160)
	at org.junit.runner.JUnitCore.run(JUnitCore.java:138)
	at org.junit.runner.JUnitCore.run(JUnitCore.java:117)
	at experiment.Challenge.executeJunitTestCase(Challenge.java:57)
	at experiment.Challenge.run(Challenge.java:79)
	at experiment.Challenge.main(Challenge.java:106)

3 java.lang.AssertionError
4 null
5 tryLoadFileTest(tests.BoardManagerTest)
6 class java.lang.AssertionError
7 tryLoadFileTest(tests.BoardManagerTest)
cont: 11((( apos os testes))) 
UNDO:true STATES:true SOLVER:true GENERATOR:true EXTENDEDSUDOKU:true COLOR:false BASE:true


 ----------------------- 


Configuration:
UNDO:false STATES:false SOLVER:false GENERATOR:false EXTENDEDSUDOKU:true COLOR:true BASE:true

cont: 12((( apos os testes))) 
UNDO:false STATES:false SOLVER:false GENERATOR:false EXTENDEDSUDOKU:true COLOR:true BASE:true


 ----------------------- 


Configuration:
UNDO:true STATES:true SOLVER:true GENERATOR:false EXTENDEDSUDOKU:false COLOR:false BASE:true

cont: 13((( apos os testes))) 
UNDO:true STATES:true SOLVER:true GENERATOR:false EXTENDEDSUDOKU:false COLOR:false BASE:true


 ----------------------- 


Configuration:
UNDO:true STATES:true SOLVER:false GENERATOR:false EXTENDEDSUDOKU:false COLOR:false BASE:true

UNDO:true STATES:true SOLVER:false GENERATOR:false EXTENDEDSUDOKU:false COLOR:false BASE:truecont: 14((( apos os testes))) 



 ----------------------- 


Configuration:
UNDO:false STATES:false SOLVER:false GENERATOR:false EXTENDEDSUDOKU:false COLOR:false BASE:true

cont: 15((( apos os testes))) 
UNDO:false STATES:false SOLVER:false GENERATOR:false EXTENDEDSUDOKU:false COLOR:false BASE:true


 ----------------------- 


Configuration:
UNDO:true STATES:true SOLVER:true GENERATOR:true EXTENDEDSUDOKU:false COLOR:true BASE:true

cont: 16((( apos os testes))) 
UNDO:true STATES:true SOLVER:true GENERATOR:true EXTENDEDSUDOKU:false COLOR:true BASE:true


 ----------------------- 


Configuration:
UNDO:false STATES:true SOLVER:false GENERATOR:false EXTENDEDSUDOKU:true COLOR:true BASE:true

cont: 17((( apos os testes))) 
UNDO:false STATES:true SOLVER:false GENERATOR:false EXTENDEDSUDOKU:true COLOR:true BASE:true


 ----------------------- 


UNDO:true STATES:true SOLVER:true GENERATOR:true EXTENDEDSUDOKU:true COLOR:false BASE:true

Configuration:

 UNDO:true STATES:true SOLVER:true GENERATOR:true EXTENDEDSUDOKU:true COLOR:false BASE:true
1 null
2 java.lang.AssertionError
	at org.junit.Assert.fail(Assert.java:86)
	at org.junit.Assert.assertTrue(Assert.java:41)
	at org.junit.Assert.assertTrue(Assert.java:52)
	at tests.BoardManagerTest.tryLoadFileTest(BoardManagerTest.java:148)
	at sun.reflect.GeneratedMethodAccessor23.invoke(Unknown Source)
	at sun.reflect.DelegatingMethodAccessorImpl.invoke(Unknown Source)
	at java.lang.reflect.Method.invoke(Unknown Source)
	at org.junit.runners.model.FrameworkMethod$1.runReflectiveCall(FrameworkMethod.java:47)
	at org.junit.internal.runners.model.ReflectiveCallable.run(ReflectiveCallable.java:12)
	at org.junit.runners.model.FrameworkMethod.invokeExplosively(FrameworkMethod.java:44)
	at org.junit.internal.runners.statements.InvokeMethod.evaluate(InvokeMethod.java:17)
	at org.junit.internal.runners.statements.RunBefores.evaluate(RunBefores.java:26)
	at org.junit.runners.ParentRunner.runLeaf(ParentRunner.java:271)
	at org.junit.runners.BlockJUnit4ClassRunner.runChild(BlockJUnit4ClassRunner.java:70)
	at org.junit.runners.BlockJUnit4ClassRunner.runChild(BlockJUnit4ClassRunner.java:50)
	at org.junit.runners.ParentRunner$3.run(ParentRunner.java:238)
	at org.junit.runners.ParentRunner$1.schedule(ParentRunner.java:63)
	at org.junit.runners.ParentRunner.runChildren(ParentRunner.java:236)
	at org.junit.runners.ParentRunner.access$000(ParentRunner.java:53)
	at org.junit.runners.ParentRunner$2.evaluate(ParentRunner.java:229)
	at org.junit.runners.ParentRunner.run(ParentRunner.java:309)
	at org.junit.runners.Suite.runChild(Suite.java:127)
	at org.junit.runners.Suite.runChild(Suite.java:26)
	at org.junit.runners.ParentRunner$3.run(ParentRunner.java:238)
	at org.junit.runners.ParentRunner$1.schedule(ParentRunner.java:63)
	at org.junit.runners.ParentRunner.runChildren(ParentRunner.java:236)
	at org.junit.runners.ParentRunner.access$000(ParentRunner.java:53)
	at org.junit.runners.ParentRunner$2.evaluate(ParentRunner.java:229)
	at org.junit.runners.ParentRunner.run(ParentRunner.java:309)
	at org.junit.runner.JUnitCore.run(JUnitCore.java:160)
	at org.junit.runner.JUnitCore.run(JUnitCore.java:138)
	at org.junit.runner.JUnitCore.run(JUnitCore.java:117)
	at experiment.Challenge.executeJunitTestCase(Challenge.java:57)
	at experiment.Challenge.run(Challenge.java:79)
	at experiment.Challenge.main(Challenge.java:106)

3 java.lang.AssertionError
4 null
5 tryLoadFileTest(tests.BoardManagerTest)
6 class java.lang.AssertionError
7 tryLoadFileTest(tests.BoardManagerTest)
cont: 18((( apos os testes))) 
UNDO:true STATES:true SOLVER:true GENERATOR:true EXTENDEDSUDOKU:true COLOR:false BASE:true


 ----------------------- 


UNDO:false STATES:false SOLVER:false GENERATOR:false EXTENDEDSUDOKU:true COLOR:true BASE:true

Configuration:
cont: 19((( apos os testes))) 
UNDO:false STATES:false SOLVER:false GENERATOR:false EXTENDEDSUDOKU:true COLOR:true BASE:true


 ----------------------- 


Configuration:
UNDO:true STATES:true SOLVER:true GENERATOR:false EXTENDEDSUDOKU:false COLOR:false BASE:true

cont: 20((( apos os testes))) 
Configuration:UNDO:true STATES:true SOLVER:true GENERATOR:false EXTENDEDSUDOKU:false COLOR:false BASE:true


 ----------------------- 



UNDO:true STATES:true SOLVER:false GENERATOR:false EXTENDEDSUDOKU:false COLOR:false BASE:true

cont: 21((( apos os testes))) 
UNDO:true STATES:true SOLVER:false GENERATOR:false EXTENDEDSUDOKU:false COLOR:false BASE:true


 ----------------------- 


Contador de produtos:21
BASE:true, STATES:false, UNDO:false, COLOR:false, SOLVER:false, GENERATOR:false, EXTENDEDSUDOKU:false, BASE:true, STATES:false, UNDO:false, COLOR:false, SOLVER:false, GENERATOR:false, EXTENDEDSUDOKU:false, BASE:true, STATES:false, UNDO:false, COLOR:false, SOLVER:false, GENERATOR:false, EXTENDEDSUDOKU:false, BASE:true, STATES:false, UNDO:false, COLOR:false, SOLVER:false, GENERATOR:false, EXTENDEDSUDOKU:false, 
BASE:true, STATES:true, UNDO:true, COLOR:true, SOLVER:true, GENERATOR:true, EXTENDEDSUDOKU:false, BASE:true, STATES:true, UNDO:true, COLOR:true, SOLVER:true, GENERATOR:true, EXTENDEDSUDOKU:false, BASE:true, STATES:true, UNDO:true, COLOR:true, SOLVER:true, GENERATOR:true, EXTENDEDSUDOKU:false, BASE:true, STATES:true, UNDO:true, COLOR:true, SOLVER:true, GENERATOR:true, EXTENDEDSUDOKU:false, 
BASE:true, STATES:true, UNDO:false, COLOR:true, SOLVER:false, GENERATOR:false, EXTENDEDSUDOKU:true, BASE:true, STATES:true, UNDO:false, COLOR:true, SOLVER:false, GENERATOR:false, EXTENDEDSUDOKU:true, BASE:true, STATES:true, UNDO:false, COLOR:true, SOLVER:false, GENERATOR:false, EXTENDEDSUDOKU:true, BASE:true, STATES:true, UNDO:false, COLOR:true, SOLVER:false, GENERATOR:false, EXTENDEDSUDOKU:true, 
BASE:true, STATES:true, UNDO:true, COLOR:false, SOLVER:true, GENERATOR:true, EXTENDEDSUDOKU:true, BASE:true, STATES:true, UNDO:true, COLOR:false, SOLVER:true, GENERATOR:true, EXTENDEDSUDOKU:true, BASE:true, STATES:true, UNDO:true, COLOR:false, SOLVER:true, GENERATOR:true, EXTENDEDSUDOKU:true, BASE:true, STATES:true, UNDO:true, COLOR:false, SOLVER:true, GENERATOR:true, EXTENDEDSUDOKU:true, 
BASE:true, STATES:false, UNDO:false, COLOR:true, SOLVER:false, GENERATOR:false, EXTENDEDSUDOKU:true, BASE:true, STATES:false, UNDO:false, COLOR:true, SOLVER:false, GENERATOR:false, EXTENDEDSUDOKU:true, BASE:true, STATES:false, UNDO:false, COLOR:true, SOLVER:false, GENERATOR:false, EXTENDEDSUDOKU:true, BASE:true, STATES:false, UNDO:false, COLOR:true, SOLVER:false, GENERATOR:false, EXTENDEDSUDOKU:true, 
BASE:true, STATES:true, UNDO:true, COLOR:false, SOLVER:true, GENERATOR:false, EXTENDEDSUDOKU:false, BASE:true, STATES:true, UNDO:true, COLOR:false, SOLVER:true, GENERATOR:false, EXTENDEDSUDOKU:false, BASE:true, STATES:true, UNDO:true, COLOR:false, SOLVER:true, GENERATOR:false, EXTENDEDSUDOKU:false, BASE:true, STATES:true, UNDO:true, COLOR:false, SOLVER:true, GENERATOR:false, EXTENDEDSUDOKU:false, 
BASE:true, STATES:true, UNDO:true, COLOR:false, SOLVER:false, GENERATOR:false, EXTENDEDSUDOKU:false, BASE:true, STATES:true, UNDO:true, COLOR:false, SOLVER:false, GENERATOR:false, EXTENDEDSUDOKU:false, BASE:true, STATES:true, UNDO:true, COLOR:false, SOLVER:false, GENERATOR:false, EXTENDEDSUDOKU:false, BASE:true, STATES:true, UNDO:true, COLOR:false, SOLVER:false, GENERATOR:false, EXTENDEDSUDOKU:false, 
Configuration:
UNDO:false STATES:false SOLVER:false GENERATOR:false EXTENDEDSUDOKU:false COLOR:false BASE:true

cont: 1((( apos os testes))) 
Configuration:
UNDO:false STATES:false SOLVER:false GENERATOR:false EXTENDEDSUDOKU:false COLOR:false BASE:true


 ----------------------- 


UNDO:true STATES:true SOLVER:true GENERATOR:true EXTENDEDSUDOKU:false COLOR:true BASE:true

UNDO:true STATES:true SOLVER:true GENERATOR:true EXTENDEDSUDOKU:false COLOR:true BASE:true


 ----------------------- 


UNDO:false STATES:true SOLVER:false GENERATOR:false EXTENDEDSUDOKU:true COLOR:true BASE:true

cont: 2((( apos os testes))) 
Configuration:
cont: 3((( apos os testes))) 
Configuration:
UNDO:false STATES:true SOLVER:false GENERATOR:false EXTENDEDSUDOKU:true COLOR:true BASE:true


 ----------------------- 


UNDO:true STATES:true SOLVER:true GENERATOR:true EXTENDEDSUDOKU:true COLOR:false BASE:true


 UNDO:true STATES:true SOLVER:true GENERATOR:true EXTENDEDSUDOKU:true COLOR:false BASE:true
1 null
2 java.lang.AssertionError
	at org.junit.Assert.fail(Assert.java:86)
	at org.junit.Assert.assertTrue(Assert.java:41)
	at org.junit.Assert.assertTrue(Assert.java:52)
	at tests.BoardManagerTest.tryLoadFileTest(BoardManagerTest.java:148)
	at sun.reflect.GeneratedMethodAccessor23.invoke(Unknown Source)
	at sun.reflect.DelegatingMethodAccessorImpl.invoke(Unknown Source)
	at java.lang.reflect.Method.invoke(Unknown Source)
	at org.junit.runners.model.FrameworkMethod$1.runReflectiveCall(FrameworkMethod.java:47)
	at org.junit.internal.runners.model.ReflectiveCallable.run(ReflectiveCallable.java:12)
	at org.junit.runners.model.FrameworkMethod.invokeExplosively(FrameworkMethod.java:44)
	at org.junit.internal.runners.statements.InvokeMethod.evaluate(InvokeMethod.java:17)
	at org.junit.internal.runners.statements.RunBefores.evaluate(RunBefores.java:26)
	at org.junit.runners.ParentRunner.runLeaf(ParentRunner.java:271)
	at org.junit.runners.BlockJUnit4ClassRunner.runChild(BlockJUnit4ClassRunner.java:70)
	at org.junit.runners.BlockJUnit4ClassRunner.runChild(BlockJUnit4ClassRunner.java:50)
	at org.junit.runners.ParentRunner$3.run(ParentRunner.java:238)
	at org.junit.runners.ParentRunner$1.schedule(ParentRunner.java:63)
	at org.junit.runners.ParentRunner.runChildren(ParentRunner.java:236)
	at org.junit.runners.ParentRunner.access$000(ParentRunner.java:53)
	at org.junit.runners.ParentRunner$2.evaluate(ParentRunner.java:229)
	at org.junit.runners.ParentRunner.run(ParentRunner.java:309)
	at org.junit.runners.Suite.runChild(Suite.java:127)
	at org.junit.runners.Suite.runChild(Suite.java:26)
	at org.junit.runners.ParentRunner$3.run(ParentRunner.java:238)
	at org.junit.runners.ParentRunner$1.schedule(ParentRunner.java:63)
	at org.junit.runners.ParentRunner.runChildren(ParentRunner.java:236)
	at org.junit.runners.ParentRunner.access$000(ParentRunner.java:53)
	at org.junit.runners.ParentRunner$2.evaluate(ParentRunner.java:229)
	at org.junit.runners.ParentRunner.run(ParentRunner.java:309)
	at org.junit.runner.JUnitCore.run(JUnitCore.java:160)
	at org.junit.runner.JUnitCore.run(JUnitCore.java:138)
	at org.junit.runner.JUnitCore.run(JUnitCore.java:117)
	at experiment.Challenge.executeJunitTestCase(Challenge.java:57)
	at experiment.Challenge.run(Challenge.java:79)
	at experiment.Challenge.main(Challenge.java:106)

3 java.lang.AssertionError
4 null
5 tryLoadFileTest(tests.BoardManagerTest)
6 class java.lang.AssertionError
7 tryLoadFileTest(tests.BoardManagerTest)
UNDO:true STATES:true SOLVER:true GENERATOR:true EXTENDEDSUDOKU:true COLOR:false BASE:true


 ----------------------- 


UNDO:false STATES:false SOLVER:false GENERATOR:false EXTENDEDSUDOKU:true COLOR:true BASE:true

cont: 4((( apos os testes))) 
Configuration:
cont: 5((( apos os testes))) 
Configuration:
UNDO:false STATES:false SOLVER:false GENERATOR:false EXTENDEDSUDOKU:true COLOR:true BASE:true


 ----------------------- 


UNDO:true STATES:true SOLVER:true GENERATOR:false EXTENDEDSUDOKU:false COLOR:false BASE:true

cont: 6((( apos os testes))) 
Configuration:
UNDO:true STATES:true SOLVER:true GENERATOR:false EXTENDEDSUDOKU:false COLOR:false BASE:true


 ----------------------- 


UNDO:true STATES:true SOLVER:false GENERATOR:false EXTENDEDSUDOKU:false COLOR:false BASE:true

cont: 7((( apos os testes))) 
Configuration:
UNDO:true STATES:true SOLVER:false GENERATOR:false EXTENDEDSUDOKU:false COLOR:false BASE:true


 ----------------------- 


UNDO:false STATES:false SOLVER:false GENERATOR:false EXTENDEDSUDOKU:false COLOR:false BASE:true

cont: 8((( apos os testes))) 
Configuration:
UNDO:false STATES:false SOLVER:false GENERATOR:false EXTENDEDSUDOKU:false COLOR:false BASE:true


 ----------------------- 


UNDO:true STATES:true SOLVER:true GENERATOR:true EXTENDEDSUDOKU:false COLOR:true BASE:true

cont: 9((( apos os testes))) 
Configuration:
UNDO:true STATES:true SOLVER:true GENERATOR:true EXTENDEDSUDOKU:false COLOR:true BASE:true


 ----------------------- 


UNDO:false STATES:true SOLVER:false GENERATOR:false EXTENDEDSUDOKU:true COLOR:true BASE:true

cont: 10((( apos os testes))) 
UNDO:false STATES:true SOLVER:false GENERATOR:false EXTENDEDSUDOKU:true COLOR:true BASE:true


 ----------------------- 


UNDO:true STATES:true SOLVER:true GENERATOR:true EXTENDEDSUDOKU:true COLOR:false BASE:true

Configuration:

 UNDO:true STATES:true SOLVER:true GENERATOR:true EXTENDEDSUDOKU:true COLOR:false BASE:true
1 null
2 java.lang.AssertionError
	at org.junit.Assert.fail(Assert.java:86)
	at org.junit.Assert.assertTrue(Assert.java:41)
	at org.junit.Assert.assertTrue(Assert.java:52)
	at tests.BoardManagerTest.tryLoadFileTest(BoardManagerTest.java:148)
	at sun.reflect.GeneratedMethodAccessor23.invoke(Unknown Source)
	at sun.reflect.DelegatingMethodAccessorImpl.invoke(Unknown Source)
	at java.lang.reflect.Method.invoke(Unknown Source)
	at org.junit.runners.model.FrameworkMethod$1.runReflectiveCall(FrameworkMethod.java:47)
	at org.junit.internal.runners.model.ReflectiveCallable.run(ReflectiveCallable.java:12)
	at org.junit.runners.model.FrameworkMethod.invokeExplosively(FrameworkMethod.java:44)
	at org.junit.internal.runners.statements.InvokeMethod.evaluate(InvokeMethod.java:17)
	at org.junit.internal.runners.statements.RunBefores.evaluate(RunBefores.java:26)
	at org.junit.runners.ParentRunner.runLeaf(ParentRunner.java:271)
	at org.junit.runners.BlockJUnit4ClassRunner.runChild(BlockJUnit4ClassRunner.java:70)
	at org.junit.runners.BlockJUnit4ClassRunner.runChild(BlockJUnit4ClassRunner.java:50)
	at org.junit.runners.ParentRunner$3.run(ParentRunner.java:238)
	at org.junit.runners.ParentRunner$1.schedule(ParentRunner.java:63)
	at org.junit.runners.ParentRunner.runChildren(ParentRunner.java:236)
	at org.junit.runners.ParentRunner.access$000(ParentRunner.java:53)
	at org.junit.runners.ParentRunner$2.evaluate(ParentRunner.java:229)
	at org.junit.runners.ParentRunner.run(ParentRunner.java:309)
	at org.junit.runners.Suite.runChild(Suite.java:127)
	at org.junit.runners.Suite.runChild(Suite.java:26)
	at org.junit.runners.ParentRunner$3.run(ParentRunner.java:238)
	at org.junit.runners.ParentRunner$1.schedule(ParentRunner.java:63)
	at org.junit.runners.ParentRunner.runChildren(ParentRunner.java:236)
	at org.junit.runners.ParentRunner.access$000(ParentRunner.java:53)
	at org.junit.runners.ParentRunner$2.evaluate(ParentRunner.java:229)
	at org.junit.runners.ParentRunner.run(ParentRunner.java:309)
	at org.junit.runner.JUnitCore.run(JUnitCore.java:160)
	at org.junit.runner.JUnitCore.run(JUnitCore.java:138)
	at org.junit.runner.JUnitCore.run(JUnitCore.java:117)
	at experiment.Challenge.executeJunitTestCase(Challenge.java:57)
	at experiment.Challenge.run(Challenge.java:79)
	at experiment.Challenge.main(Challenge.java:106)

3 java.lang.AssertionError
4 null
5 tryLoadFileTest(tests.BoardManagerTest)
6 class java.lang.AssertionError
7 tryLoadFileTest(tests.BoardManagerTest)
UNDO:true STATES:true SOLVER:true GENERATOR:true EXTENDEDSUDOKU:true COLOR:false BASE:true


 ----------------------- 


UNDO:false STATES:false SOLVER:false GENERATOR:false EXTENDEDSUDOKU:true COLOR:true BASE:true

cont: 11((( apos os testes))) 
Configuration:
cont: 12((( apos os testes))) 
Configuration:
UNDO:false STATES:false SOLVER:false GENERATOR:false EXTENDEDSUDOKU:true COLOR:true BASE:true


 ----------------------- 


UNDO:true STATES:true SOLVER:true GENERATOR:false EXTENDEDSUDOKU:false COLOR:false BASE:true

UNDO:true STATES:true SOLVER:true GENERATOR:false EXTENDEDSUDOKU:false COLOR:false BASE:true


 ----------------------- 


UNDO:true STATES:true SOLVER:false GENERATOR:false EXTENDEDSUDOKU:false COLOR:false BASE:true

cont: 13((( apos os testes))) 
Configuration:
cont: 14((( apos os testes))) 
Configuration:
UNDO:true STATES:true SOLVER:false GENERATOR:false EXTENDEDSUDOKU:false COLOR:false BASE:true


 ----------------------- 


UNDO:false STATES:false SOLVER:false GENERATOR:false EXTENDEDSUDOKU:false COLOR:false BASE:true

cont: 15((( apos os testes))) 
UNDO:false STATES:false SOLVER:false GENERATOR:false EXTENDEDSUDOKU:false COLOR:false BASE:true


 ----------------------- 


UNDO:true STATES:true SOLVER:true GENERATOR:true EXTENDEDSUDOKU:false COLOR:true BASE:true

Configuration:
UNDO:true STATES:true SOLVER:true GENERATOR:true EXTENDEDSUDOKU:false COLOR:true BASE:true


 ----------------------- 


UNDO:false STATES:true SOLVER:false GENERATOR:false EXTENDEDSUDOKU:true COLOR:true BASE:true

cont: 16((( apos os testes))) 
Configuration:
UNDO:false STATES:true SOLVER:false GENERATOR:false EXTENDEDSUDOKU:true COLOR:true BASE:true


 ----------------------- 


UNDO:true STATES:true SOLVER:true GENERATOR:true EXTENDEDSUDOKU:true COLOR:false BASE:true

cont: 17((( apos os testes))) 
Configuration:

 UNDO:true STATES:true SOLVER:true GENERATOR:true EXTENDEDSUDOKU:true COLOR:false BASE:true
1 null
2 java.lang.AssertionError
	at org.junit.Assert.fail(Assert.java:86)
	at org.junit.Assert.assertTrue(Assert.java:41)
	at org.junit.Assert.assertTrue(Assert.java:52)
	at tests.BoardManagerTest.tryLoadFileTest(BoardManagerTest.java:148)
	at sun.reflect.GeneratedMethodAccessor23.invoke(Unknown Source)
	at sun.reflect.DelegatingMethodAccessorImpl.invoke(Unknown Source)
	at java.lang.reflect.Method.invoke(Unknown Source)
	at org.junit.runners.model.FrameworkMethod$1.runReflectiveCall(FrameworkMethod.java:47)
	at org.junit.internal.runners.model.ReflectiveCallable.run(ReflectiveCallable.java:12)
	at org.junit.runners.model.FrameworkMethod.invokeExplosively(FrameworkMethod.java:44)
	at org.junit.internal.runners.statements.InvokeMethod.evaluate(InvokeMethod.java:17)
	at org.junit.internal.runners.statements.RunBefores.evaluate(RunBefores.java:26)
	at org.junit.runners.ParentRunner.runLeaf(ParentRunner.java:271)
	at org.junit.runners.BlockJUnit4ClassRunner.runChild(BlockJUnit4ClassRunner.java:70)
	at org.junit.runners.BlockJUnit4ClassRunner.runChild(BlockJUnit4ClassRunner.java:50)
	at org.junit.runners.ParentRunner$3.run(ParentRunner.java:238)
	at org.junit.runners.ParentRunner$1.schedule(ParentRunner.java:63)
	at org.junit.runners.ParentRunner.runChildren(ParentRunner.java:236)
	at org.junit.runners.ParentRunner.access$000(ParentRunner.java:53)
	at org.junit.runners.ParentRunner$2.evaluate(ParentRunner.java:229)
	at org.junit.runners.ParentRunner.run(ParentRunner.java:309)
	at org.junit.runners.Suite.runChild(Suite.java:127)
	at org.junit.runners.Suite.runChild(Suite.java:26)
	at org.junit.runners.ParentRunner$3.run(ParentRunner.java:238)
	at org.junit.runners.ParentRunner$1.schedule(ParentRunner.java:63)
	at org.junit.runners.ParentRunner.runChildren(ParentRunner.java:236)
	at org.junit.runners.ParentRunner.access$000(ParentRunner.java:53)
	at org.junit.runners.ParentRunner$2.evaluate(ParentRunner.java:229)
	at org.junit.runners.ParentRunner.run(ParentRunner.java:309)
	at org.junit.runner.JUnitCore.run(JUnitCore.java:160)
	at org.junit.runner.JUnitCore.run(JUnitCore.java:138)
	at org.junit.runner.JUnitCore.run(JUnitCore.java:117)
	at experiment.Challenge.executeJunitTestCase(Challenge.java:57)
	at experiment.Challenge.run(Challenge.java:79)
	at experiment.Challenge.main(Challenge.java:106)

3 java.lang.AssertionError
4 null
5 tryLoadFileTest(tests.BoardManagerTest)
6 class java.lang.AssertionError
7 tryLoadFileTest(tests.BoardManagerTest)
UNDO:true STATES:true SOLVER:true GENERATOR:true EXTENDEDSUDOKU:true COLOR:false BASE:true


 ----------------------- 


UNDO:false STATES:false SOLVER:false GENERATOR:false EXTENDEDSUDOKU:true COLOR:true BASE:true
cont: 18((( apos os testes))) 

Configuration:
cont: 19((( apos os testes))) 
UNDO:false STATES:false SOLVER:false GENERATOR:false EXTENDEDSUDOKU:true COLOR:true BASE:true


 ----------------------- 


Configuration:
UNDO:true STATES:true SOLVER:true GENERATOR:false EXTENDEDSUDOKU:false COLOR:false BASE:true

UNDO:true STATES:true SOLVER:true GENERATOR:false EXTENDEDSUDOKU:false COLOR:false BASE:true


 ----------------------- 


UNDO:true STATES:true SOLVER:false GENERATOR:false EXTENDEDSUDOKU:false COLOR:false BASE:true

cont: 20((( apos os testes))) 
Configuration:
cont: 21((( apos os testes))) 
Configuration:
UNDO:true STATES:true SOLVER:false GENERATOR:false EXTENDEDSUDOKU:false COLOR:false BASE:true


 ----------------------- 


UNDO:false STATES:false SOLVER:false GENERATOR:false EXTENDEDSUDOKU:false COLOR:false BASE:true

cont: 22((( apos os testes))) 
UNDO:false STATES:false SOLVER:false GENERATOR:false EXTENDEDSUDOKU:false COLOR:false BASE:true


 ----------------------- 


UNDO:true STATES:true SOLVER:true GENERATOR:true EXTENDEDSUDOKU:false COLOR:true BASE:true

Configuration:
UNDO:true STATES:true SOLVER:true GENERATOR:true EXTENDEDSUDOKU:false COLOR:true BASE:true


 ----------------------- 


UNDO:false STATES:true SOLVER:false GENERATOR:false EXTENDEDSUDOKU:true COLOR:true BASE:true

cont: 23((( apos os testes))) 
Configuration:
cont: 24((( apos os testes))) 
UNDO:false STATES:true SOLVER:false GENERATOR:false EXTENDEDSUDOKU:true COLOR:true BASE:true


 ----------------------- 


Configuration:
UNDO:true STATES:true SOLVER:true GENERATOR:true EXTENDEDSUDOKU:true COLOR:false BASE:true


 UNDO:true STATES:true SOLVER:true GENERATOR:true EXTENDEDSUDOKU:true COLOR:false BASE:true
1 null
2 java.lang.AssertionError
	at org.junit.Assert.fail(Assert.java:86)
	at org.junit.Assert.assertTrue(Assert.java:41)
	at org.junit.Assert.assertTrue(Assert.java:52)
	at tests.BoardManagerTest.tryLoadFileTest(BoardManagerTest.java:148)
	at sun.reflect.GeneratedMethodAccessor23.invoke(Unknown Source)
	at sun.reflect.DelegatingMethodAccessorImpl.invoke(Unknown Source)
	at java.lang.reflect.Method.invoke(Unknown Source)
	at org.junit.runners.model.FrameworkMethod$1.runReflectiveCall(FrameworkMethod.java:47)
	at org.junit.internal.runners.model.ReflectiveCallable.run(ReflectiveCallable.java:12)
	at org.junit.runners.model.FrameworkMethod.invokeExplosively(FrameworkMethod.java:44)
	at org.junit.internal.runners.statements.InvokeMethod.evaluate(InvokeMethod.java:17)
	at org.junit.internal.runners.statements.RunBefores.evaluate(RunBefores.java:26)
	at org.junit.runners.ParentRunner.runLeaf(ParentRunner.java:271)
	at org.junit.runners.BlockJUnit4ClassRunner.runChild(BlockJUnit4ClassRunner.java:70)
	at org.junit.runners.BlockJUnit4ClassRunner.runChild(BlockJUnit4ClassRunner.java:50)
	at org.junit.runners.ParentRunner$3.run(ParentRunner.java:238)
	at org.junit.runners.ParentRunner$1.schedule(ParentRunner.java:63)
	at org.junit.runners.ParentRunner.runChildren(ParentRunner.java:236)
	at org.junit.runners.ParentRunner.access$000(ParentRunner.java:53)
	at org.junit.runners.ParentRunner$2.evaluate(ParentRunner.java:229)
	at org.junit.runners.ParentRunner.run(ParentRunner.java:309)
	at org.junit.runners.Suite.runChild(Suite.java:127)
	at org.junit.runners.Suite.runChild(Suite.java:26)
	at org.junit.runners.ParentRunner$3.run(ParentRunner.java:238)
	at org.junit.runners.ParentRunner$1.schedule(ParentRunner.java:63)
	at org.junit.runners.ParentRunner.runChildren(ParentRunner.java:236)
	at org.junit.runners.ParentRunner.access$000(ParentRunner.java:53)
	at org.junit.runners.ParentRunner$2.evaluate(ParentRunner.java:229)
	at org.junit.runners.ParentRunner.run(ParentRunner.java:309)
	at org.junit.runner.JUnitCore.run(JUnitCore.java:160)
	at org.junit.runner.JUnitCore.run(JUnitCore.java:138)
	at org.junit.runner.JUnitCore.run(JUnitCore.java:117)
	at experiment.Challenge.executeJunitTestCase(Challenge.java:57)
	at experiment.Challenge.run(Challenge.java:79)
	at experiment.Challenge.main(Challenge.java:106)

3 java.lang.AssertionError
4 null
5 tryLoadFileTest(tests.BoardManagerTest)
6 class java.lang.AssertionError
7 tryLoadFileTest(tests.BoardManagerTest)
UNDO:true STATES:true SOLVER:true GENERATOR:true EXTENDEDSUDOKU:true COLOR:false BASE:true


 ----------------------- 


UNDO:false STATES:false SOLVER:false GENERATOR:false EXTENDEDSUDOKU:true COLOR:true BASE:true

cont: 25((( apos os testes))) 
Configuration:
UNDO:false STATES:false SOLVER:false GENERATOR:false EXTENDEDSUDOKU:true COLOR:true BASE:truecont: 26((( apos os testes))) 



 ----------------------- 


Configuration:UNDO:true STATES:true SOLVER:true GENERATOR:false EXTENDEDSUDOKU:false COLOR:false BASE:true


cont: 27((( apos os testes))) 
Configuration:
UNDO:true STATES:true SOLVER:true GENERATOR:false EXTENDEDSUDOKU:false COLOR:false BASE:true


 ----------------------- 


UNDO:true STATES:true SOLVER:false GENERATOR:false EXTENDEDSUDOKU:false COLOR:false BASE:true

UNDO:true STATES:true SOLVER:false GENERATOR:false EXTENDEDSUDOKU:false COLOR:false BASE:true


 ----------------------- 


cont: 28((( apos os testes))) 
Contador de produtos:28
BASE:true, STATES:false, UNDO:false, COLOR:false, SOLVER:false, GENERATOR:false, EXTENDEDSUDOKU:false, BASE:true, STATES:false, UNDO:false, COLOR:false, SOLVER:false, GENERATOR:false, EXTENDEDSUDOKU:false, BASE:true, STATES:false, UNDO:false, COLOR:false, SOLVER:false, GENERATOR:false, EXTENDEDSUDOKU:false, BASE:true, STATES:false, UNDO:false, COLOR:false, SOLVER:false, GENERATOR:false, EXTENDEDSUDOKU:false, BASE:true, STATES:false, UNDO:false, COLOR:false, SOLVER:false, GENERATOR:false, EXTENDEDSUDOKU:false, 
BASE:true, STATES:true, UNDO:true, COLOR:true, SOLVER:true, GENERATOR:true, EXTENDEDSUDOKU:false, BASE:true, STATES:true, UNDO:true, COLOR:true, SOLVER:true, GENERATOR:true, EXTENDEDSUDOKU:false, BASE:true, STATES:true, UNDO:true, COLOR:true, SOLVER:true, GENERATOR:true, EXTENDEDSUDOKU:false, BASE:true, STATES:true, UNDO:true, COLOR:true, SOLVER:true, GENERATOR:true, EXTENDEDSUDOKU:false, BASE:true, STATES:true, UNDO:true, COLOR:true, SOLVER:true, GENERATOR:true, EXTENDEDSUDOKU:false, 
BASE:true, STATES:true, UNDO:false, COLOR:true, SOLVER:false, GENERATOR:false, EXTENDEDSUDOKU:true, BASE:true, STATES:true, UNDO:false, COLOR:true, SOLVER:false, GENERATOR:false, EXTENDEDSUDOKU:true, BASE:true, STATES:true, UNDO:false, COLOR:true, SOLVER:false, GENERATOR:false, EXTENDEDSUDOKU:true, BASE:true, STATES:true, UNDO:false, COLOR:true, SOLVER:false, GENERATOR:false, EXTENDEDSUDOKU:true, BASE:true, STATES:true, UNDO:false, COLOR:true, SOLVER:false, GENERATOR:false, EXTENDEDSUDOKU:true, 
BASE:true, STATES:true, UNDO:true, COLOR:false, SOLVER:true, GENERATOR:true, EXTENDEDSUDOKU:true, BASE:true, STATES:true, UNDO:true, COLOR:false, SOLVER:true, GENERATOR:true, EXTENDEDSUDOKU:true, BASE:true, STATES:true, UNDO:true, COLOR:false, SOLVER:true, GENERATOR:true, EXTENDEDSUDOKU:true, BASE:true, STATES:true, UNDO:true, COLOR:false, SOLVER:true, GENERATOR:true, EXTENDEDSUDOKU:true, BASE:true, STATES:true, UNDO:true, COLOR:false, SOLVER:true, GENERATOR:true, EXTENDEDSUDOKU:true, 
BASE:true, STATES:false, UNDO:false, COLOR:true, SOLVER:false, GENERATOR:false, EXTENDEDSUDOKU:true, BASE:true, STATES:false, UNDO:false, COLOR:true, SOLVER:false, GENERATOR:false, EXTENDEDSUDOKU:true, BASE:true, STATES:false, UNDO:false, COLOR:true, SOLVER:false, GENERATOR:false, EXTENDEDSUDOKU:true, BASE:true, STATES:false, UNDO:false, COLOR:true, SOLVER:false, GENERATOR:false, EXTENDEDSUDOKU:true, BASE:true, STATES:false, UNDO:false, COLOR:true, SOLVER:false, GENERATOR:false, EXTENDEDSUDOKU:true, 
BASE:true, STATES:true, UNDO:true, COLOR:false, SOLVER:true, GENERATOR:false, EXTENDEDSUDOKU:false, BASE:true, STATES:true, UNDO:true, COLOR:false, SOLVER:true, GENERATOR:false, EXTENDEDSUDOKU:false, BASE:true, STATES:true, UNDO:true, COLOR:false, SOLVER:true, GENERATOR:false, EXTENDEDSUDOKU:false, BASE:true, STATES:true, UNDO:true, COLOR:false, SOLVER:true, GENERATOR:false, EXTENDEDSUDOKU:false, BASE:true, STATES:true, UNDO:true, COLOR:false, SOLVER:true, GENERATOR:false, EXTENDEDSUDOKU:false, 
BASE:true, STATES:true, UNDO:true, COLOR:false, SOLVER:false, GENERATOR:false, EXTENDEDSUDOKU:false, BASE:true, STATES:true, UNDO:true, COLOR:false, SOLVER:false, GENERATOR:false, EXTENDEDSUDOKU:false, BASE:true, STATES:true, UNDO:true, COLOR:false, SOLVER:false, GENERATOR:false, EXTENDEDSUDOKU:false, BASE:true, STATES:true, UNDO:true, COLOR:false, SOLVER:false, GENERATOR:false, EXTENDEDSUDOKU:false, BASE:true, STATES:true, UNDO:true, COLOR:false, SOLVER:false, GENERATOR:false, EXTENDEDSUDOKU:false, 
UNDO:false STATES:false SOLVER:false GENERATOR:false EXTENDEDSUDOKU:false COLOR:false BASE:true

Configuration:
cont: 1((( apos os testes))) 
Configuration:
UNDO:false STATES:false SOLVER:false GENERATOR:false EXTENDEDSUDOKU:false COLOR:false BASE:true


 ----------------------- 


UNDO:true STATES:true SOLVER:true GENERATOR:true EXTENDEDSUDOKU:false COLOR:true BASE:true

UNDO:true STATES:true SOLVER:true GENERATOR:true EXTENDEDSUDOKU:false COLOR:true BASE:true


 ----------------------- 


UNDO:false STATES:true SOLVER:false GENERATOR:false EXTENDEDSUDOKU:true COLOR:true BASE:true

cont: 2((( apos os testes))) 
Configuration:
cont: 3((( apos os testes))) 
Configuration:
UNDO:false STATES:true SOLVER:false GENERATOR:false EXTENDEDSUDOKU:true COLOR:true BASE:true


 ----------------------- 


UNDO:true STATES:true SOLVER:true GENERATOR:true EXTENDEDSUDOKU:true COLOR:false BASE:true


 UNDO:true STATES:true SOLVER:true GENERATOR:true EXTENDEDSUDOKU:true COLOR:false BASE:true
1 null
2 java.lang.AssertionError
	at org.junit.Assert.fail(Assert.java:86)
	at org.junit.Assert.assertTrue(Assert.java:41)
	at org.junit.Assert.assertTrue(Assert.java:52)
	at tests.BoardManagerTest.tryLoadFileTest(BoardManagerTest.java:148)
	at sun.reflect.GeneratedMethodAccessor23.invoke(Unknown Source)
	at sun.reflect.DelegatingMethodAccessorImpl.invoke(Unknown Source)
	at java.lang.reflect.Method.invoke(Unknown Source)
	at org.junit.runners.model.FrameworkMethod$1.runReflectiveCall(FrameworkMethod.java:47)
	at org.junit.internal.runners.model.ReflectiveCallable.run(ReflectiveCallable.java:12)
	at org.junit.runners.model.FrameworkMethod.invokeExplosively(FrameworkMethod.java:44)
	at org.junit.internal.runners.statements.InvokeMethod.evaluate(InvokeMethod.java:17)
	at org.junit.internal.runners.statements.RunBefores.evaluate(RunBefores.java:26)
	at org.junit.runners.ParentRunner.runLeaf(ParentRunner.java:271)
	at org.junit.runners.BlockJUnit4ClassRunner.runChild(BlockJUnit4ClassRunner.java:70)
	at org.junit.runners.BlockJUnit4ClassRunner.runChild(BlockJUnit4ClassRunner.java:50)
	at org.junit.runners.ParentRunner$3.run(ParentRunner.java:238)
	at org.junit.runners.ParentRunner$1.schedule(ParentRunner.java:63)
	at org.junit.runners.ParentRunner.runChildren(ParentRunner.java:236)
	at org.junit.runners.ParentRunner.access$000(ParentRunner.java:53)
	at org.junit.runners.ParentRunner$2.evaluate(ParentRunner.java:229)
	at org.junit.runners.ParentRunner.run(ParentRunner.java:309)
	at org.junit.runners.Suite.runChild(Suite.java:127)
	at org.junit.runners.Suite.runChild(Suite.java:26)
	at org.junit.runners.ParentRunner$3.run(ParentRunner.java:238)
	at org.junit.runners.ParentRunner$1.schedule(ParentRunner.java:63)
	at org.junit.runners.ParentRunner.runChildren(ParentRunner.java:236)
	at org.junit.runners.ParentRunner.access$000(ParentRunner.java:53)
	at org.junit.runners.ParentRunner$2.evaluate(ParentRunner.java:229)
	at org.junit.runners.ParentRunner.run(ParentRunner.java:309)
	at org.junit.runner.JUnitCore.run(JUnitCore.java:160)
	at org.junit.runner.JUnitCore.run(JUnitCore.java:138)
	at org.junit.runner.JUnitCore.run(JUnitCore.java:117)
	at experiment.Challenge.executeJunitTestCase(Challenge.java:57)
	at experiment.Challenge.run(Challenge.java:79)
	at experiment.Challenge.main(Challenge.java:106)

3 java.lang.AssertionError
4 null
5 tryLoadFileTest(tests.BoardManagerTest)
6 class java.lang.AssertionError
7 tryLoadFileTest(tests.BoardManagerTest)
UNDO:true STATES:true SOLVER:true GENERATOR:true EXTENDEDSUDOKU:true COLOR:false BASE:truecont: 4((( apos os testes))) 
Configuration:



 ----------------------- 


UNDO:false STATES:false SOLVER:false GENERATOR:false EXTENDEDSUDOKU:true COLOR:true BASE:true

cont: 5((( apos os testes))) 
UNDO:false STATES:false SOLVER:false GENERATOR:false EXTENDEDSUDOKU:true COLOR:true BASE:true


 ----------------------- 


Configuration:
UNDO:true STATES:true SOLVER:true GENERATOR:false EXTENDEDSUDOKU:false COLOR:false BASE:true

UNDO:true STATES:true SOLVER:true GENERATOR:false EXTENDEDSUDOKU:false COLOR:false BASE:true


 ----------------------- 


cont: 6((( apos os testes))) 
UNDO:true STATES:true SOLVER:false GENERATOR:false EXTENDEDSUDOKU:false COLOR:false BASE:true

Configuration:
UNDO:true STATES:true SOLVER:false GENERATOR:false EXTENDEDSUDOKU:false COLOR:false BASE:truecont: 7((( apos os testes))) 



 ----------------------- 


Configuration:
UNDO:false STATES:false SOLVER:false GENERATOR:false EXTENDEDSUDOKU:false COLOR:false BASE:true

cont: 8((( apos os testes))) 
UNDO:false STATES:false SOLVER:false GENERATOR:false EXTENDEDSUDOKU:false COLOR:false BASE:true


 ----------------------- 


UNDO:true STATES:true SOLVER:true GENERATOR:true EXTENDEDSUDOKU:false COLOR:true BASE:true

Configuration:
UNDO:true STATES:true SOLVER:true GENERATOR:true EXTENDEDSUDOKU:false COLOR:true BASE:truecont: 9((( apos os testes))) 



 ----------------------- 


Configuration:
UNDO:false STATES:true SOLVER:false GENERATOR:false EXTENDEDSUDOKU:true COLOR:true BASE:true

cont: 10((( apos os testes))) 
UNDO:false STATES:true SOLVER:false GENERATOR:false EXTENDEDSUDOKU:true COLOR:true BASE:true


 ----------------------- 


Configuration:
UNDO:true STATES:true SOLVER:true GENERATOR:true EXTENDEDSUDOKU:true COLOR:false BASE:true


 UNDO:true STATES:true SOLVER:true GENERATOR:true EXTENDEDSUDOKU:true COLOR:false BASE:true
1 null
2 java.lang.AssertionError
	at org.junit.Assert.fail(Assert.java:86)
	at org.junit.Assert.assertTrue(Assert.java:41)
	at org.junit.Assert.assertTrue(Assert.java:52)
	at tests.BoardManagerTest.tryLoadFileTest(BoardManagerTest.java:148)
	at sun.reflect.GeneratedMethodAccessor23.invoke(Unknown Source)
	at sun.reflect.DelegatingMethodAccessorImpl.invoke(Unknown Source)
	at java.lang.reflect.Method.invoke(Unknown Source)
	at org.junit.runners.model.FrameworkMethod$1.runReflectiveCall(FrameworkMethod.java:47)
	at org.junit.internal.runners.model.ReflectiveCallable.run(ReflectiveCallable.java:12)
	at org.junit.runners.model.FrameworkMethod.invokeExplosively(FrameworkMethod.java:44)
	at org.junit.internal.runners.statements.InvokeMethod.evaluate(InvokeMethod.java:17)
	at org.junit.internal.runners.statements.RunBefores.evaluate(RunBefores.java:26)
	at org.junit.runners.ParentRunner.runLeaf(ParentRunner.java:271)
	at org.junit.runners.BlockJUnit4ClassRunner.runChild(BlockJUnit4ClassRunner.java:70)
	at org.junit.runners.BlockJUnit4ClassRunner.runChild(BlockJUnit4ClassRunner.java:50)
	at org.junit.runners.ParentRunner$3.run(ParentRunner.java:238)
	at org.junit.runners.ParentRunner$1.schedule(ParentRunner.java:63)
	at org.junit.runners.ParentRunner.runChildren(ParentRunner.java:236)
	at org.junit.runners.ParentRunner.access$000(ParentRunner.java:53)
	at org.junit.runners.ParentRunner$2.evaluate(ParentRunner.java:229)
	at org.junit.runners.ParentRunner.run(ParentRunner.java:309)
	at org.junit.runners.Suite.runChild(Suite.java:127)
	at org.junit.runners.Suite.runChild(Suite.java:26)
	at org.junit.runners.ParentRunner$3.run(ParentRunner.java:238)
	at org.junit.runners.ParentRunner$1.schedule(ParentRunner.java:63)
	at org.junit.runners.ParentRunner.runChildren(ParentRunner.java:236)
	at org.junit.runners.ParentRunner.access$000(ParentRunner.java:53)
	at org.junit.runners.ParentRunner$2.evaluate(ParentRunner.java:229)
	at org.junit.runners.ParentRunner.run(ParentRunner.java:309)
	at org.junit.runner.JUnitCore.run(JUnitCore.java:160)
	at org.junit.runner.JUnitCore.run(JUnitCore.java:138)
	at org.junit.runner.JUnitCore.run(JUnitCore.java:117)
	at experiment.Challenge.executeJunitTestCase(Challenge.java:57)
	at experiment.Challenge.run(Challenge.java:79)
	at experiment.Challenge.main(Challenge.java:106)

3 java.lang.AssertionError
4 null
5 tryLoadFileTest(tests.BoardManagerTest)
6 class java.lang.AssertionError
7 tryLoadFileTest(tests.BoardManagerTest)
cont: 11((( apos os testes))) 
UNDO:true STATES:true SOLVER:true GENERATOR:true EXTENDEDSUDOKU:true COLOR:false BASE:true


 ----------------------- 


UNDO:false STATES:false SOLVER:false GENERATOR:false EXTENDEDSUDOKU:true COLOR:true BASE:true

Configuration:
cont: 12((( apos os testes))) 
UNDO:false STATES:false SOLVER:false GENERATOR:false EXTENDEDSUDOKU:true COLOR:true BASE:true


 ----------------------- 


UNDO:true STATES:true SOLVER:true GENERATOR:false EXTENDEDSUDOKU:false COLOR:false BASE:true

Configuration:
cont: 13((( apos os testes))) 
UNDO:true STATES:true SOLVER:true GENERATOR:false EXTENDEDSUDOKU:false COLOR:false BASE:true


 ----------------------- 


UNDO:true STATES:true SOLVER:false GENERATOR:false EXTENDEDSUDOKU:false COLOR:false BASE:true

Configuration:
cont: 14((( apos os testes))) 
UNDO:true STATES:true SOLVER:false GENERATOR:false EXTENDEDSUDOKU:false COLOR:false BASE:true


 ----------------------- 


Configuration:
UNDO:false STATES:false SOLVER:false GENERATOR:false EXTENDEDSUDOKU:false COLOR:false BASE:true

UNDO:false STATES:false SOLVER:false GENERATOR:false EXTENDEDSUDOKU:false COLOR:false BASE:truecont: 15((( apos os testes))) 



 ----------------------- 


Configuration:
UNDO:true STATES:true SOLVER:true GENERATOR:true EXTENDEDSUDOKU:false COLOR:true BASE:true

cont: 16((( apos os testes))) 
UNDO:true STATES:true SOLVER:true GENERATOR:true EXTENDEDSUDOKU:false COLOR:true BASE:true


 ----------------------- 


UNDO:false STATES:true SOLVER:false GENERATOR:false EXTENDEDSUDOKU:true COLOR:true BASE:true

Configuration:
cont: 17((( apos os testes))) 
Configuration:
UNDO:false STATES:true SOLVER:false GENERATOR:false EXTENDEDSUDOKU:true COLOR:true BASE:true


 ----------------------- 


UNDO:true STATES:true SOLVER:true GENERATOR:true EXTENDEDSUDOKU:true COLOR:false BASE:true


 UNDO:true STATES:true SOLVER:true GENERATOR:true EXTENDEDSUDOKU:true COLOR:false BASE:true
1 null
2 java.lang.AssertionError
	at org.junit.Assert.fail(Assert.java:86)
	at org.junit.Assert.assertTrue(Assert.java:41)
	at org.junit.Assert.assertTrue(Assert.java:52)
	at tests.BoardManagerTest.tryLoadFileTest(BoardManagerTest.java:148)
	at sun.reflect.GeneratedMethodAccessor23.invoke(Unknown Source)
	at sun.reflect.DelegatingMethodAccessorImpl.invoke(Unknown Source)
	at java.lang.reflect.Method.invoke(Unknown Source)
	at org.junit.runners.model.FrameworkMethod$1.runReflectiveCall(FrameworkMethod.java:47)
	at org.junit.internal.runners.model.ReflectiveCallable.run(ReflectiveCallable.java:12)
	at org.junit.runners.model.FrameworkMethod.invokeExplosively(FrameworkMethod.java:44)
	at org.junit.internal.runners.statements.InvokeMethod.evaluate(InvokeMethod.java:17)
	at org.junit.internal.runners.statements.RunBefores.evaluate(RunBefores.java:26)
	at org.junit.runners.ParentRunner.runLeaf(ParentRunner.java:271)
	at org.junit.runners.BlockJUnit4ClassRunner.runChild(BlockJUnit4ClassRunner.java:70)
	at org.junit.runners.BlockJUnit4ClassRunner.runChild(BlockJUnit4ClassRunner.java:50)
	at org.junit.runners.ParentRunner$3.run(ParentRunner.java:238)
	at org.junit.runners.ParentRunner$1.schedule(ParentRunner.java:63)
	at org.junit.runners.ParentRunner.runChildren(ParentRunner.java:236)
	at org.junit.runners.ParentRunner.access$000(ParentRunner.java:53)
	at org.junit.runners.ParentRunner$2.evaluate(ParentRunner.java:229)
	at org.junit.runners.ParentRunner.run(ParentRunner.java:309)
	at org.junit.runners.Suite.runChild(Suite.java:127)
	at org.junit.runners.Suite.runChild(Suite.java:26)
	at org.junit.runners.ParentRunner$3.run(ParentRunner.java:238)
	at org.junit.runners.ParentRunner$1.schedule(ParentRunner.java:63)
	at org.junit.runners.ParentRunner.runChildren(ParentRunner.java:236)
	at org.junit.runners.ParentRunner.access$000(ParentRunner.java:53)
	at org.junit.runners.ParentRunner$2.evaluate(ParentRunner.java:229)
	at org.junit.runners.ParentRunner.run(ParentRunner.java:309)
	at org.junit.runner.JUnitCore.run(JUnitCore.java:160)
	at org.junit.runner.JUnitCore.run(JUnitCore.java:138)
	at org.junit.runner.JUnitCore.run(JUnitCore.java:117)
	at experiment.Challenge.executeJunitTestCase(Challenge.java:57)
	at experiment.Challenge.run(Challenge.java:79)
	at experiment.Challenge.main(Challenge.java:106)

3 java.lang.AssertionError
4 null
5 tryLoadFileTest(tests.BoardManagerTest)
6 class java.lang.AssertionError
7 tryLoadFileTest(tests.BoardManagerTest)
UNDO:true STATES:true SOLVER:true GENERATOR:true EXTENDEDSUDOKU:true COLOR:false BASE:true


 ----------------------- 


UNDO:false STATES:false SOLVER:false GENERATOR:false EXTENDEDSUDOKU:true COLOR:true BASE:true

cont: 18((( apos os testes))) 
Configuration:
cont: 19((( apos os testes))) 
UNDO:false STATES:false SOLVER:false GENERATOR:false EXTENDEDSUDOKU:true COLOR:true BASE:true


 ----------------------- 


Configuration:
UNDO:true STATES:true SOLVER:true GENERATOR:false EXTENDEDSUDOKU:false COLOR:false BASE:true

UNDO:true STATES:true SOLVER:true GENERATOR:false EXTENDEDSUDOKU:false COLOR:false BASE:true


 ----------------------- 


UNDO:true STATES:true SOLVER:false GENERATOR:false EXTENDEDSUDOKU:false COLOR:false BASE:true

cont: 20((( apos os testes))) 
Configuration:
cont: 21((( apos os testes))) 
Configuration:
UNDO:true STATES:true SOLVER:false GENERATOR:false EXTENDEDSUDOKU:false COLOR:false BASE:true


 ----------------------- 


UNDO:false STATES:false SOLVER:false GENERATOR:false EXTENDEDSUDOKU:false COLOR:false BASE:true

cont: 22((( apos os testes))) 
UNDO:false STATES:false SOLVER:false GENERATOR:false EXTENDEDSUDOKU:false COLOR:false BASE:true


 ----------------------- 


Configuration:UNDO:true STATES:true SOLVER:true GENERATOR:true EXTENDEDSUDOKU:false COLOR:true BASE:true


UNDO:true STATES:true SOLVER:true GENERATOR:true EXTENDEDSUDOKU:false COLOR:true BASE:truecont: 23((( apos os testes))) 



 ----------------------- 


Configuration:
UNDO:false STATES:true SOLVER:false GENERATOR:false EXTENDEDSUDOKU:true COLOR:true BASE:true

cont: 24((( apos os testes))) 
UNDO:false STATES:true SOLVER:false GENERATOR:false EXTENDEDSUDOKU:true COLOR:true BASE:true


 ----------------------- 


UNDO:true STATES:true SOLVER:true GENERATOR:true EXTENDEDSUDOKU:true COLOR:false BASE:true

Configuration:

 UNDO:true STATES:true SOLVER:true GENERATOR:true EXTENDEDSUDOKU:true COLOR:false BASE:true
1 null
2 java.lang.AssertionError
	at org.junit.Assert.fail(Assert.java:86)
	at org.junit.Assert.assertTrue(Assert.java:41)
	at org.junit.Assert.assertTrue(Assert.java:52)
	at tests.BoardManagerTest.tryLoadFileTest(BoardManagerTest.java:148)
	at sun.reflect.GeneratedMethodAccessor23.invoke(Unknown Source)
	at sun.reflect.DelegatingMethodAccessorImpl.invoke(Unknown Source)
	at java.lang.reflect.Method.invoke(Unknown Source)
	at org.junit.runners.model.FrameworkMethod$1.runReflectiveCall(FrameworkMethod.java:47)
	at org.junit.internal.runners.model.ReflectiveCallable.run(ReflectiveCallable.java:12)
	at org.junit.runners.model.FrameworkMethod.invokeExplosively(FrameworkMethod.java:44)
	at org.junit.internal.runners.statements.InvokeMethod.evaluate(InvokeMethod.java:17)
	at org.junit.internal.runners.statements.RunBefores.evaluate(RunBefores.java:26)
	at org.junit.runners.ParentRunner.runLeaf(ParentRunner.java:271)
	at org.junit.runners.BlockJUnit4ClassRunner.runChild(BlockJUnit4ClassRunner.java:70)
	at org.junit.runners.BlockJUnit4ClassRunner.runChild(BlockJUnit4ClassRunner.java:50)
	at org.junit.runners.ParentRunner$3.run(ParentRunner.java:238)
	at org.junit.runners.ParentRunner$1.schedule(ParentRunner.java:63)
	at org.junit.runners.ParentRunner.runChildren(ParentRunner.java:236)
	at org.junit.runners.ParentRunner.access$000(ParentRunner.java:53)
	at org.junit.runners.ParentRunner$2.evaluate(ParentRunner.java:229)
	at org.junit.runners.ParentRunner.run(ParentRunner.java:309)
	at org.junit.runners.Suite.runChild(Suite.java:127)
	at org.junit.runners.Suite.runChild(Suite.java:26)
	at org.junit.runners.ParentRunner$3.run(ParentRunner.java:238)
	at org.junit.runners.ParentRunner$1.schedule(ParentRunner.java:63)
	at org.junit.runners.ParentRunner.runChildren(ParentRunner.java:236)
	at org.junit.runners.ParentRunner.access$000(ParentRunner.java:53)
	at org.junit.runners.ParentRunner$2.evaluate(ParentRunner.java:229)
	at org.junit.runners.ParentRunner.run(ParentRunner.java:309)
	at org.junit.runner.JUnitCore.run(JUnitCore.java:160)
	at org.junit.runner.JUnitCore.run(JUnitCore.java:138)
	at org.junit.runner.JUnitCore.run(JUnitCore.java:117)
	at experiment.Challenge.executeJunitTestCase(Challenge.java:57)
	at experiment.Challenge.run(Challenge.java:79)
	at experiment.Challenge.main(Challenge.java:106)

3 java.lang.AssertionError
4 null
5 tryLoadFileTest(tests.BoardManagerTest)
6 class java.lang.AssertionError
7 tryLoadFileTest(tests.BoardManagerTest)
UNDO:true STATES:true SOLVER:true GENERATOR:true EXTENDEDSUDOKU:true COLOR:false BASE:true


 ----------------------- 


UNDO:false STATES:false SOLVER:false GENERATOR:false EXTENDEDSUDOKU:true COLOR:true BASE:true

cont: 25((( apos os testes))) 
Configuration:
UNDO:false STATES:false SOLVER:false GENERATOR:false EXTENDEDSUDOKU:true COLOR:true BASE:true


 ----------------------- 


cont: 26((( apos os testes))) 
UNDO:true STATES:true SOLVER:true GENERATOR:false EXTENDEDSUDOKU:false COLOR:false BASE:true

Configuration:
cont: 27((( apos os testes))) 
UNDO:true STATES:true SOLVER:true GENERATOR:false EXTENDEDSUDOKU:false COLOR:false BASE:true


 ----------------------- 


UNDO:true STATES:true SOLVER:false GENERATOR:false EXTENDEDSUDOKU:false COLOR:false BASE:true

Configuration:
cont: 28((( apos os testes))) 
UNDO:true STATES:true SOLVER:false GENERATOR:false EXTENDEDSUDOKU:false COLOR:false BASE:true


 ----------------------- 


Configuration:
UNDO:false STATES:false SOLVER:false GENERATOR:false EXTENDEDSUDOKU:false COLOR:false BASE:true

UNDO:false STATES:false SOLVER:false GENERATOR:false EXTENDEDSUDOKU:false COLOR:false BASE:true


 ----------------------- 

cont: 29((( apos os testes))) 

Configuration:
UNDO:true STATES:true SOLVER:true GENERATOR:true EXTENDEDSUDOKU:false COLOR:true BASE:true

cont: 30((( apos os testes))) 
UNDO:true STATES:true SOLVER:true GENERATOR:true EXTENDEDSUDOKU:false COLOR:true BASE:true


 ----------------------- 


Configuration:
UNDO:false STATES:true SOLVER:false GENERATOR:false EXTENDEDSUDOKU:true COLOR:true BASE:true

cont: 31((( apos os testes))) 
UNDO:false STATES:true SOLVER:false GENERATOR:false EXTENDEDSUDOKU:true COLOR:true BASE:true


 ----------------------- 


Configuration:
UNDO:true STATES:true SOLVER:true GENERATOR:true EXTENDEDSUDOKU:true COLOR:false BASE:true


 UNDO:true STATES:true SOLVER:true GENERATOR:true EXTENDEDSUDOKU:true COLOR:false BASE:true
1 null
2 java.lang.AssertionError
	at org.junit.Assert.fail(Assert.java:86)
	at org.junit.Assert.assertTrue(Assert.java:41)
	at org.junit.Assert.assertTrue(Assert.java:52)
	at tests.BoardManagerTest.tryLoadFileTest(BoardManagerTest.java:148)
	at sun.reflect.GeneratedMethodAccessor23.invoke(Unknown Source)
	at sun.reflect.DelegatingMethodAccessorImpl.invoke(Unknown Source)
	at java.lang.reflect.Method.invoke(Unknown Source)
	at org.junit.runners.model.FrameworkMethod$1.runReflectiveCall(FrameworkMethod.java:47)
	at org.junit.internal.runners.model.ReflectiveCallable.run(ReflectiveCallable.java:12)
	at org.junit.runners.model.FrameworkMethod.invokeExplosively(FrameworkMethod.java:44)
	at org.junit.internal.runners.statements.InvokeMethod.evaluate(InvokeMethod.java:17)
	at org.junit.internal.runners.statements.RunBefores.evaluate(RunBefores.java:26)
	at org.junit.runners.ParentRunner.runLeaf(ParentRunner.java:271)
	at org.junit.runners.BlockJUnit4ClassRunner.runChild(BlockJUnit4ClassRunner.java:70)
	at org.junit.runners.BlockJUnit4ClassRunner.runChild(BlockJUnit4ClassRunner.java:50)
	at org.junit.runners.ParentRunner$3.run(ParentRunner.java:238)
	at org.junit.runners.ParentRunner$1.schedule(ParentRunner.java:63)
	at org.junit.runners.ParentRunner.runChildren(ParentRunner.java:236)
	at org.junit.runners.ParentRunner.access$000(ParentRunner.java:53)
	at org.junit.runners.ParentRunner$2.evaluate(ParentRunner.java:229)
	at org.junit.runners.ParentRunner.run(ParentRunner.java:309)
	at org.junit.runners.Suite.runChild(Suite.java:127)
	at org.junit.runners.Suite.runChild(Suite.java:26)
	at org.junit.runners.ParentRunner$3.run(ParentRunner.java:238)
	at org.junit.runners.ParentRunner$1.schedule(ParentRunner.java:63)
	at org.junit.runners.ParentRunner.runChildren(ParentRunner.java:236)
	at org.junit.runners.ParentRunner.access$000(ParentRunner.java:53)
	at org.junit.runners.ParentRunner$2.evaluate(ParentRunner.java:229)
	at org.junit.runners.ParentRunner.run(ParentRunner.java:309)
	at org.junit.runner.JUnitCore.run(JUnitCore.java:160)
	at org.junit.runner.JUnitCore.run(JUnitCore.java:138)
	at org.junit.runner.JUnitCore.run(JUnitCore.java:117)
	at experiment.Challenge.executeJunitTestCase(Challenge.java:57)
	at experiment.Challenge.run(Challenge.java:79)
	at experiment.Challenge.main(Challenge.java:106)

3 java.lang.AssertionError
4 null
5 tryLoadFileTest(tests.BoardManagerTest)
6 class java.lang.AssertionError
7 tryLoadFileTest(tests.BoardManagerTest)
UNDO:true STATES:true SOLVER:true GENERATOR:true EXTENDEDSUDOKU:true COLOR:false BASE:true


 ----------------------- 


cont: 32((( apos os testes))) 
UNDO:false STATES:false SOLVER:false GENERATOR:false EXTENDEDSUDOKU:true COLOR:true BASE:true

Configuration:
cont: 33((( apos os testes))) 
UNDO:false STATES:false SOLVER:false GENERATOR:false EXTENDEDSUDOKU:true COLOR:true BASE:true


 ----------------------- 


Configuration:
UNDO:true STATES:true SOLVER:true GENERATOR:false EXTENDEDSUDOKU:false COLOR:false BASE:true

UNDO:true STATES:true SOLVER:true GENERATOR:false EXTENDEDSUDOKU:false COLOR:false BASE:true


 ----------------------- 


cont: 34((( apos os testes))) 
UNDO:true STATES:true SOLVER:false GENERATOR:false EXTENDEDSUDOKU:false COLOR:false BASE:true

Configuration:
UNDO:true STATES:true SOLVER:false GENERATOR:false EXTENDEDSUDOKU:false COLOR:false BASE:true


 ----------------------- 


cont: 35((( apos os testes))) 
Contador de produtos:35
Total time (ms): 7969 time average (ms): 1593.0 number of times performed:5
